-------------------------------------------------------------------------------
Test set: test.java.ch.zhaw.mdp.AppTest
-------------------------------------------------------------------------------
Tests run: 1, Failures: 1, Errors: 0, Skipped: 0, Time elapsed: 0.016 sec <<< FAILURE!
testApp(test.java.ch.zhaw.mdp.AppTest)  Time elapsed: 0.016 sec  <<< FAILURE!
junit.framework.AssertionFailedError
	at junit.framework.Assert.fail(Assert.java:47)
	at junit.framework.Assert.assertTrue(Assert.java:20)
	at junit.framework.Assert.assertTrue(Assert.java:27)
	at test.java.ch.zhaw.mdp.AppTest.testApp(AppTest.java:36)
